<?xml version="1.0" encoding="UTF-8"?>
<testng-results ignored="0" total="3" passed="2" failed="1" skipped="0">
  <reporter-output>
  </reporter-output>
  <suite started-at="2022-02-14T17:33:41Z" name="Suite" finished-at="2022-02-14T17:33:53Z" duration-ms="11488">
    <groups>
    </groups>
    <test started-at="2022-02-14T17:33:41Z" name="Test" finished-at="2022-02-14T17:33:53Z" duration-ms="11488">
      <class name="TestCases_new.TestCase_003">
        <test-method is-config="true" signature="SetUp1()[pri:0, instance:TestCases_new.TestCase_003@3c7c886c]" started-at="2022-02-14T17:33:53Z" name="SetUp1" finished-at="2022-02-14T17:33:53Z" duration-ms="4" status="PASS">
          <reporter-output>
          </reporter-output>
        </test-method> <!-- SetUp1 -->
        <test-method signature="scrollTo()[pri:0, instance:TestCases_new.TestCase_003@3c7c886c]" started-at="2022-02-14T17:33:53Z" name="scrollTo" finished-at="2022-02-14T17:33:53Z" duration-ms="1" status="FAIL">
          <exception class="java.lang.NullPointerException">
            <full-stacktrace>
              <![CDATA[java.lang.NullPointerException
at ScrollLevel.ScrollOperation.scrollToBottom(ScrollOperation.java:30)
at TestCases_new.TestCase_003.scrollTo(TestCase_003.java:28)
at java.base/jdk.internal.reflect.NativeMethodAccessorImpl.invoke0(Native Method)
at java.base/jdk.internal.reflect.NativeMethodAccessorImpl.invoke(NativeMethodAccessorImpl.java:62)
at java.base/jdk.internal.reflect.DelegatingMethodAccessorImpl.invoke(DelegatingMethodAccessorImpl.java:43)
at java.base/java.lang.reflect.Method.invoke(Method.java:566)
at org.testng.internal.MethodInvocationHelper.invokeMethod(MethodInvocationHelper.java:124)
at org.testng.internal.Invoker.invokeMethod(Invoker.java:583)
at org.testng.internal.Invoker.invokeTestMethod(Invoker.java:719)
at org.testng.internal.Invoker.invokeTestMethods(Invoker.java:989)
at org.testng.internal.TestMethodWorker.invokeTestMethods(TestMethodWorker.java:125)
at org.testng.internal.TestMethodWorker.run(TestMethodWorker.java:109)
at org.testng.TestRunner.privateRun(TestRunner.java:648)
at org.testng.TestRunner.run(TestRunner.java:505)
at org.testng.SuiteRunner.runTest(SuiteRunner.java:455)
at org.testng.SuiteRunner.runSequentially(SuiteRunner.java:450)
at org.testng.SuiteRunner.privateRun(SuiteRunner.java:415)
at org.testng.SuiteRunner.run(SuiteRunner.java:364)
at org.testng.SuiteRunnerWorker.runSuite(SuiteRunnerWorker.java:52)
at org.testng.SuiteRunnerWorker.run(SuiteRunnerWorker.java:84)
at org.testng.TestNG.runSuitesSequentially(TestNG.java:1208)
at org.testng.TestNG.runSuitesLocally(TestNG.java:1137)
at org.testng.TestNG.runSuites(TestNG.java:1049)
at org.testng.TestNG.run(TestNG.java:1017)
at org.testng.remote.AbstractRemoteTestNG.run(AbstractRemoteTestNG.java:115)
at org.testng.remote.RemoteTestNG.initAndRun(RemoteTestNG.java:251)
at org.testng.remote.RemoteTestNG.main(RemoteTestNG.java:77)
]]>
            </full-stacktrace>
          </exception> <!-- java.lang.NullPointerException -->
          <reporter-output>
          </reporter-output>
        </test-method> <!-- scrollTo -->
      </class> <!-- TestCases_new.TestCase_003 -->
      <class name="TestCases_new.TestCase_001">
        <test-method is-config="true" signature="SSetUp()[pri:0, instance:TestCases_new.TestCase_001@5812f68b]" started-at="2022-02-14T17:33:41Z" name="SSetUp" finished-at="2022-02-14T17:33:47Z" duration-ms="5672" status="PASS">
          <reporter-output>
          </reporter-output>
        </test-method> <!-- SSetUp -->
        <test-method signature="validatesearch()[pri:0, instance:TestCases_new.TestCase_001@5812f68b]" started-at="2022-02-14T17:33:47Z" name="validatesearch" finished-at="2022-02-14T17:33:52Z" duration-ms="5561" status="PASS">
          <reporter-output>
          </reporter-output>
        </test-method> <!-- validatesearch -->
      </class> <!-- TestCases_new.TestCase_001 -->
      <class name="TestCases_new.LoginPageTest">
        <test-method is-config="true" signature="SSSetUp()[pri:0, instance:TestCases_new.LoginPageTest@4426bff1]" started-at="2022-02-14T17:33:52Z" name="SSSetUp" finished-at="2022-02-14T17:33:52Z" duration-ms="4" status="PASS">
          <reporter-output>
          </reporter-output>
        </test-method> <!-- SSSetUp -->
        <test-method signature="validateLogin()[pri:0, instance:TestCases_new.LoginPageTest@4426bff1]" started-at="2022-02-14T17:33:52Z" name="validateLogin" finished-at="2022-02-14T17:33:53Z" duration-ms="222" status="PASS">
          <reporter-output>
          </reporter-output>
        </test-method> <!-- validateLogin -->
      </class> <!-- TestCases_new.LoginPageTest -->
    </test> <!-- Test -->
  </suite> <!-- Suite -->
</testng-results>
