<?xml version="1.0" encoding="UTF-8"?>
<!-- Generated by org.testng.reporters.JUnitXMLReporter -->
<testsuite ignored="0" hostname="inbl01lap7182" failures="1" tests="3" name="Test" time="11.488" errors="0" timestamp="14 Feb 2022 17:33:53 GMT">
  <testcase classname="TestCases_new.TestCase_001" name="validatesearch" time="5.561"/>
  <testcase classname="TestCases_new.LoginPageTest" name="validateLogin" time="0.222"/>
  <testcase classname="TestCases_new.TestCase_003" name="scrollTo" time="0.001">
    <failure type="java.lang.NullPointerException">
      <![CDATA[java.lang.NullPointerException
at ScrollLevel.ScrollOperation.scrollToBottom(ScrollOperation.java:30)
at TestCases_new.TestCase_003.scrollTo(TestCase_003.java:28)
... Removed 25 stack frames]]>
    </failure>
  </testcase> <!-- scrollTo -->
</testsuite> <!-- Test -->
